warning: in the working copy of 'auto_git.sh', LF will be replaced by CRLF the next time Git touches it
📦 Committing: Auto-commit on 2025-05-18 14:35:22
[main 2823e8a] Auto-commit on 2025-05-18 14:35:22
 2 files changed, 25 insertions(+), 29 deletions(-)
 create mode 100644 nohup.out
To https://github.com/HOXOBIL/Hoxobil_enterprise.git
   31ca7b3..2823e8a  main -> main
✅ Synced! Waiting 5 seconds...
warning: in the working copy of 'nohup.out', LF will be replaced by CRLF the next time Git touches it
📦 Committing: Auto-commit on 2025-05-18 14:35:33
[main c45026e] Auto-commit on 2025-05-18 14:35:33
 1 file changed, 8 insertions(+)
To https://github.com/HOXOBIL/Hoxobil_enterprise.git
   2823e8a..c45026e  main -> main
✅ Synced! Waiting 5 seconds...
warning: in the working copy of 'nohup.out', LF will be replaced by CRLF the next time Git touches it
📦 Committing: Auto-commit on 2025-05-18 14:35:49
[main 86eb24f] Auto-commit on 2025-05-18 14:35:49
 2 files changed, 4 insertions(+), 118 deletions(-)
To https://github.com/HOXOBIL/Hoxobil_enterprise.git
   c45026e..86eb24f  main -> main
✅ Synced! Waiting 5 seconds...
warning: in the working copy of 'nohup.out', LF will be replaced by CRLF the next time Git touches it
📦 Committing: Auto-commit on 2025-05-18 14:36:04
[main 4d6afe6] Auto-commit on 2025-05-18 14:36:04
 1 file changed, 7 insertions(+)
To https://github.com/HOXOBIL/Hoxobil_enterprise.git
   86eb24f..4d6afe6  main -> main
✅ Synced! Waiting 5 seconds...
warning: in the working copy of 'nohup.out', LF will be replaced by CRLF the next time Git touches it
📦 Committing: Auto-commit on 2025-05-18 14:36:16
[main 68dc5b2] Auto-commit on 2025-05-18 14:36:16
 2 files changed, 125 insertions(+)
To https://github.com/HOXOBIL/Hoxobil_enterprise.git
   4d6afe6..68dc5b2  main -> main
✅ Synced! Waiting 5 seconds...
warning: in the working copy of 'nohup.out', LF will be replaced by CRLF the next time Git touches it
📦 Committing: Auto-commit on 2025-05-18 14:36:27
[main b427d0a] Auto-commit on 2025-05-18 14:36:27
 1 file changed, 7 insertions(+)
To https://github.com/HOXOBIL/Hoxobil_enterprise.git
   68dc5b2..b427d0a  main -> main
✅ Synced! Waiting 5 seconds...
warning: in the working copy of 'nohup.out', LF will be replaced by CRLF the next time Git touches it
📦 Committing: Auto-commit on 2025-05-18 14:36:38
[main 00d145a] Auto-commit on 2025-05-18 14:36:38
 1 file changed, 7 insertions(+)
To https://github.com/HOXOBIL/Hoxobil_enterprise.git
   b427d0a..00d145a  main -> main
✅ Synced! Waiting 5 seconds...
warning: in the working copy of 'nohup.out', LF will be replaced by CRLF the next time Git touches it
📦 Committing: Auto-commit on 2025-05-18 14:36:51
[main 855cc2e] Auto-commit on 2025-05-18 14:36:51
 1 file changed, 7 insertions(+)
To https://github.com/HOXOBIL/Hoxobil_enterprise.git
   00d145a..855cc2e  main -> main
✅ Synced! Waiting 5 seconds...
warning: in the working copy of 'nohup.out', LF will be replaced by CRLF the next time Git touches it
📦 Committing: Auto-commit on 2025-05-18 14:37:10
[main cd76eaf] Auto-commit on 2025-05-18 14:37:10
 1 file changed, 7 insertions(+)
To https://github.com/HOXOBIL/Hoxobil_enterprise.git
   855cc2e..cd76eaf  main -> main
✅ Synced! Waiting 5 seconds...
warning: in the working copy of 'nohup.out', LF will be replaced by CRLF the next time Git touches it
📦 Committing: Auto-commit on 2025-05-18 14:37:24
[main d86e3c9] Auto-commit on 2025-05-18 14:37:24
 1 file changed, 7 insertions(+)
To https://github.com/HOXOBIL/Hoxobil_enterprise.git
   cd76eaf..d86e3c9  main -> main
✅ Synced! Waiting 5 seconds...
warning: in the working copy of 'nohup.out', LF will be replaced by CRLF the next time Git touches it
📦 Committing: Auto-commit on 2025-05-18 14:37:37
[main 3d165ec] Auto-commit on 2025-05-18 14:37:37
 1 file changed, 7 insertions(+)
To https://github.com/HOXOBIL/Hoxobil_enterprise.git
   d86e3c9..3d165ec  main -> main
✅ Synced! Waiting 5 seconds...
warning: in the working copy of 'nohup.out', LF will be replaced by CRLF the next time Git touches it
📦 Committing: Auto-commit on 2025-05-18 14:37:47
[main 151a6a7] Auto-commit on 2025-05-18 14:37:47
 1 file changed, 7 insertions(+)
To https://github.com/HOXOBIL/Hoxobil_enterprise.git
   3d165ec..151a6a7  main -> main
✅ Synced! Waiting 5 seconds...
warning: in the working copy of 'nohup.out', LF will be replaced by CRLF the next time Git touches it
📦 Committing: Auto-commit on 2025-05-18 14:37:57
[main 4aa2faf] Auto-commit on 2025-05-18 14:37:57
 1 file changed, 7 insertions(+)
To https://github.com/HOXOBIL/Hoxobil_enterprise.git
   151a6a7..4aa2faf  main -> main
✅ Synced! Waiting 5 seconds...
warning: in the working copy of 'nohup.out', LF will be replaced by CRLF the next time Git touches it
📦 Committing: Auto-commit on 2025-05-18 14:38:07
[main 6fea8df] Auto-commit on 2025-05-18 14:38:07
 1 file changed, 7 insertions(+)
To https://github.com/HOXOBIL/Hoxobil_enterprise.git
   4aa2faf..6fea8df  main -> main
✅ Synced! Waiting 5 seconds...
warning: in the working copy of 'nohup.out', LF will be replaced by CRLF the next time Git touches it
📦 Committing: Auto-commit on 2025-05-18 14:38:19
[main 102adbe] Auto-commit on 2025-05-18 14:38:19
 1 file changed, 7 insertions(+)
To https://github.com/HOXOBIL/Hoxobil_enterprise.git
   6fea8df..102adbe  main -> main
✅ Synced! Waiting 5 seconds...
warning: in the working copy of 'nohup.out', LF will be replaced by CRLF the next time Git touches it
📦 Committing: Auto-commit on 2025-05-18 14:38:34
[main 173e5f1] Auto-commit on 2025-05-18 14:38:34
 1 file changed, 7 insertions(+)
To https://github.com/HOXOBIL/Hoxobil_enterprise.git
   102adbe..173e5f1  main -> main
✅ Synced! Waiting 5 seconds...
warning: in the working copy of 'nohup.out', LF will be replaced by CRLF the next time Git touches it
📦 Committing: Auto-commit on 2025-05-18 14:38:49
[main 1e5cf62] Auto-commit on 2025-05-18 14:38:49
 1 file changed, 7 insertions(+)
To https://github.com/HOXOBIL/Hoxobil_enterprise.git
   173e5f1..1e5cf62  main -> main
✅ Synced! Waiting 5 seconds...
warning: in the working copy of 'nohup.out', LF will be replaced by CRLF the next time Git touches it
📦 Committing: Auto-commit on 2025-05-18 14:38:59
[main 4f1c7bb] Auto-commit on 2025-05-18 14:38:59
 1 file changed, 7 insertions(+)
To https://github.com/HOXOBIL/Hoxobil_enterprise.git
   1e5cf62..4f1c7bb  main -> main
✅ Synced! Waiting 5 seconds...
warning: in the working copy of 'nohup.out', LF will be replaced by CRLF the next time Git touches it
📦 Committing: Auto-commit on 2025-05-18 14:39:08
[main 22b86a8] Auto-commit on 2025-05-18 14:39:08
 1 file changed, 7 insertions(+)
